<?xml version="1.0" encoding="UTF-8"?>
<!-- Generated by org.testng.reporters.JUnitXMLReporter -->
<testsuite hostname="DESKTOP-OM2QHAP" name="OrangeHRM Demo Automation Project Test" tests="2" failures="0" timestamp="18 Jul 2020 07:04:07 GMT" time="70.041" errors="0">
  <testcase name="@BeforeClass setup" time="0.0" classname="com.orangeHrm.testCases.TC_LoginDDT_002">
    <failure type="java.lang.NullPointerException">
      <![CDATA[java.lang.NullPointerException
	at com.orangeHrm.testCases.BaseClass.setup(BaseClass.java:116)
... Removed 25 stack frames]]>
    </failure>
  </testcase> <!-- @BeforeClass setup -->
  <testcase name="@AfterClass teardown" time="0.0" classname="com.orangeHrm.testCases.TC_LoginDDT_002">
    <skipped/>
  </testcase> <!-- @AfterClass teardown -->
  <testcase name="@AfterTest endReport" time="0.0" classname="com.orangeHrm.testCases.TC_LoginTest_001">
    <skipped/>
  </testcase> <!-- @AfterTest endReport -->
  <testcase name="loginToOrangeHRMTest" time="22.747" classname="com.orangeHrm.testCases.TC_LoginTest_001"/>
  <testcase name="loginToOrangeHRMDDTest" time="0.0" classname="com.orangeHrm.testCases.TC_LoginDDT_002">
    <skipped/>
  </testcase> <!-- loginToOrangeHRMDDTest -->
</testsuite> <!-- OrangeHRM Demo Automation Project Test -->
